1670350752171	geckodriver	INFO	Listening on 127.0.0.1:62240
1670350752274	mozrunner::runner	INFO	Running command: "/Applications/Firefox.app/Contents/MacOS/firefox-bin" "--marionette" "--remote-debugging-port" "62241" "--remote-allow-hosts" "localhost" "-foreground" "-no-remote" "-profile" "/var/folders/dc/m29nnh9n3633l5mc2x3z0mkc0000gn/T/rust_mozprofilemlfdHs"
2022-12-06 20:19:13.233 plugin-container[95425:11447287] nil host used in call to allowsSpecificHTTPSCertificateForHost
2022-12-06 20:19:13.235 plugin-container[95425:11447287] nil host used in call to allowsAnyHTTPSCertificateForHost:
2022-12-06 20:19:13.262 plugin-container[95425:11447287] nil host used in call to allowsSpecificHTTPSCertificateForHost
2022-12-06 20:19:13.262 plugin-container[95425:11447287] nil host used in call to allowsAnyHTTPSCertificateForHost:
2022-12-06 20:19:13.262 plugin-container[95425:11447294] nil host used in call to allowsSpecificHTTPSCertificateForHost
2022-12-06 20:19:13.263 plugin-container[95425:11447294] nil host used in call to allowsAnyHTTPSCertificateForHost:
1670350753302	Marionette	INFO	Marionette enabled
1670350753410	Marionette	INFO	Listening on port 62255
Read port: 62255
WebDriver BiDi listening on ws://127.0.0.1:62241
1670350753593	RemoteAgent	WARN	TLS certificate errors will be ignored for this session
console.warn: SearchSettings: "get: No settings file exists, new profile?" (new NotFoundError("Could not open the file at /var/folders/dc/m29nnh9n3633l5mc2x3z0mkc0000gn/T/rust_mozprofilemlfdHs/search.json.mozlz4", (void 0)))
DevTools listening on ws://127.0.0.1:62241/devtools/browser/ed234fba-7504-421a-93ab-167cea1a3550
JavaScript error: resource://gre/modules/URIFixup.sys.mjs, line 304: NS_ERROR_FAILURE: Should pass a non-null uri
1670350759278	Marionette	INFO	Stopped listening on port 62255
1670351494224	geckodriver	INFO	Listening on 127.0.0.1:65496
1670351494586	mozrunner::runner	INFO	Running command: "/Applications/Firefox.app/Contents/MacOS/firefox-bin" "--marionette" "--remote-debugging-port" "65497" "--remote-allow-hosts" "localhost" "-foreground" "-no-remote" "-profile" "/var/folders/dc/m29nnh9n3633l5mc2x3z0mkc0000gn/T/rust_mozprofileGgWidv"
2022-12-06 20:31:35.220 plugin-container[97332:11463971] nil host used in call to allowsSpecificHTTPSCertificateForHost
2022-12-06 20:31:35.221 plugin-container[97332:11463971] nil host used in call to allowsAnyHTTPSCertificateForHost:
2022-12-06 20:31:35.230 plugin-container[97332:11463971] nil host used in call to allowsSpecificHTTPSCertificateForHost
2022-12-06 20:31:35.230 plugin-container[97332:11463971] nil host used in call to allowsAnyHTTPSCertificateForHost:
2022-12-06 20:31:35.230 plugin-container[97332:11463976] nil host used in call to allowsSpecificHTTPSCertificateForHost
2022-12-06 20:31:35.230 plugin-container[97332:11463976] nil host used in call to allowsAnyHTTPSCertificateForHost:
1670351495233	Marionette	INFO	Marionette enabled
1670351495269	Marionette	INFO	Listening on port 65506
Read port: 65506
WebDriver BiDi listening on ws://127.0.0.1:65497
1670351495634	RemoteAgent	WARN	TLS certificate errors will be ignored for this session
console.warn: SearchSettings: "get: No settings file exists, new profile?" (new NotFoundError("Could not open the file at /var/folders/dc/m29nnh9n3633l5mc2x3z0mkc0000gn/T/rust_mozprofileGgWidv/search.json.mozlz4", (void 0)))
DevTools listening on ws://127.0.0.1:65497/devtools/browser/11dd2fa7-d943-4266-b393-96da8af4b71c
JavaScript error: resource://gre/modules/URIFixup.sys.mjs, line 304: NS_ERROR_FAILURE: Should pass a non-null uri
1670351500566	Marionette	INFO	Stopped listening on port 65506
